[LOG] System::create                           : Header version = 2.01.09. Current version = 2.01.09.
[LOG] Manager::init                            : maxchannels = 256 studioflags = 00000006 flags 00000000 extradriverdata 0000000000000000.
[LOG] SystemI::init                            : Initialize version=20109 (115889), maxchannels=256, flags=0x00020000
[LOG] SystemI::setOutputInternal               : Setting output to 'FMOD WASAPI Output'
[LOG] OutputWASAPI::init                       : Mix Format (WAVEFORMATEX): wFormatTag=0xFFFE, nChannels=2, nSamplesPerSec=48000, nAvgBytesPerSec=384000, nBlockAlign=8, wBitsPerSample=32, cbSize=22.
[LOG] OutputWASAPI::init                       : Mix Format (WAVEFORMATEXTENSIBLE): wValidBitsPerSample=32, dwChannelMask=0x00000003, SubFormat=00000003-0000-0010-8000-00AA00389B71.
[LOG] OutputWASAPI::init                       : Output buffer size: 4096 samples, latency: 0.00ms, period: 10.00ms, DSP buffer: 1024 * 4
[LOG] Thread::initThread                       : Init FMOD stream thread. Affinity: 0x8000000000000003, Priority: 0xFFFF7FFB, Stack Size: 98304, Semaphore: No, Sleep Time: 10, Looping: Yes.
[LOG] Thread::initThread                       : Init FMOD mixer thread. Affinity: 0x8000000000000001, Priority: 0xFFFF7FFA, Stack Size: 81920, Semaphore: No, Sleep Time: 0, Looping: Yes.
[LOG] AsyncManager::init                       : manager 00000258989D71F8 isAsync 0 updatePeriod 0.02
[LOG] AsyncManager::init                       : done
[LOG] PlaybackSystem::init                     : 
[LOG] Thread::initThread                       : Init FMOD Studio sample load thread. Affinity: 0x8000000000000003, Priority: 0xFFFF7FFD, Stack Size: 98304, Semaphore: No, Sleep Time: 1, Looping: No.
[LOG] PlaybackSystem::init                     : done
[LOG] Thread::initThread                       : Init FMOD Studio bank load thread. Affinity: 0x8000000000000003, Priority: 0xFFFF7FFD, Stack Size: 98304, Semaphore: No, Sleep Time: 1, Looping: No.
[LOG] Manager::init                            : done.
[LOG] Manager::readBank                        : fileversion = 135, compatVersion = 132 (oldest = 44, newest = 135)
[LOG] Manager::readBank                        : fileversion = 135, compatVersion = 132 (oldest = 44, newest = 135)
[LOG] SystemI::createSoundInternal             : Create name='', mode=0x02000202
[LOG] SystemI::createSoundInternal             : exinfo->cbsize             = 224
[LOG] SystemI::createSoundInternal             : exinfo->length             = 2709248
[LOG] SystemI::createSoundInternal             : exinfo->fileoffset         = 19680
[LOG] SystemI::createSoundInternal             : exinfo->numsubsounds       = 1
[LOG] SystemI::createSoundInternal             : exinfo->inclusionlist      = 000000D8E341F488
[LOG] SystemI::createSoundInternal             : exinfo->inclusionlistnum   = 1
[LOG] SystemI::createSoundInternal             : exinfo->suggestedsoundtype = 5
[LOG] SystemI::createSoundInternal             : exinfo->useropen           = 00007FFA29267D70
[LOG] SystemI::createSoundInternal             : exinfo->userclose          = 00007FFA29267D40
[LOG] SystemI::createSoundInternal             : exinfo->userread           = 00007FFA29267E40
[LOG] SystemI::createSoundInternal             : exinfo->userseek           = 00007FFA29267F00
[LOG] SystemI::createSoundInternal             : exinfo->fileuserdata       = 0000025973AEDAD8
[LOG] SystemI::createSoundInternal             : exinfo->initialseekpostype = 1
[LOG] SystemI::DSPCodecPoolRegister            : register codec pool for pool type 5
[LOG] SystemI::createSoundInternal             : Sample 0/1: name='ui_okay', format=5, channels=2, frequency=48000, lengthbytes=10880, lengthpcm=44042, pcmblocksize=0, loopstart=0, loopend=0, mode=0x00000000, channelmask=0x00000000, channelorder=0, peakvolume=0.133728.
[LOG] SystemI::createSoundInternal             : Create name='', mode=0x02000202
[LOG] SystemI::createSoundInternal             : exinfo->cbsize             = 224
[LOG] SystemI::createSoundInternal             : exinfo->length             = 2709248
[LOG] SystemI::createSoundInternal             : exinfo->fileoffset         = 19680
[LOG] SystemI::createSoundInternal             : exinfo->numsubsounds       = 1
[LOG] SystemI::createSoundInternal             : exinfo->inclusionlist      = 000000D8E341F488
[LOG] SystemI::createSoundInternal             : exinfo->inclusionlistnum   = 1
[LOG] SystemI::createSoundInternal             : exinfo->suggestedsoundtype = 5
[LOG] SystemI::createSoundInternal             : exinfo->useropen           = 00007FFA29267D70
[LOG] SystemI::createSoundInternal             : exinfo->userclose          = 00007FFA29267D40
[LOG] SystemI::createSoundInternal             : exinfo->userread           = 00007FFA29267E40
[LOG] SystemI::createSoundInternal             : exinfo->userseek           = 00007FFA29267F00
[LOG] SystemI::createSoundInternal             : exinfo->fileuserdata       = 00000258A5A10628
[LOG] SystemI::createSoundInternal             : exinfo->initialseekpostype = 1
[LOG] SystemI::DSPCodecPoolRegister            : register codec pool for pool type 5
[LOG] SystemI::createSoundInternal             : Sample 0/1: name='footsteps_player_grass_03', format=5, channels=1, frequency=48000, lengthbytes=4416, lengthpcm=24030, pcmblocksize=0, loopstart=0, loopend=0, mode=0x00000000, channelmask=0x00000000, channelorder=0, peakvolume=0.259521.
[LOG] SystemI::createSoundInternal             : Create name='', mode=0x02000202
[LOG] SystemI::createSoundInternal             : exinfo->cbsize             = 224
[LOG] SystemI::createSoundInternal             : exinfo->length             = 2709248
[LOG] SystemI::createSoundInternal             : exinfo->fileoffset         = 19680
[LOG] SystemI::createSoundInternal             : exinfo->numsubsounds       = 1
[LOG] SystemI::createSoundInternal             : exinfo->inclusionlist      = 000000D8E341F488
[LOG] SystemI::createSoundInternal             : exinfo->inclusionlistnum   = 1
[LOG] SystemI::createSoundInternal             : exinfo->suggestedsoundtype = 5
[LOG] SystemI::createSoundInternal             : exinfo->useropen           = 00007FFA29267D70
[LOG] SystemI::createSoundInternal             : exinfo->userclose          = 00007FFA29267D40
[LOG] SystemI::createSoundInternal             : exinfo->userread           = 00007FFA29267E40
[LOG] SystemI::createSoundInternal             : exinfo->userseek           = 00007FFA29267F00
[LOG] SystemI::createSoundInternal             : exinfo->fileuserdata       = 0000025915893698
[LOG] SystemI::createSoundInternal             : exinfo->initialseekpostype = 1
[LOG] SystemI::DSPCodecPoolRegister            : register codec pool for pool type 5
[LOG] SystemI::createSoundInternal             : Sample 0/1: name='167075__drminky__slime-land', format=5, channels=1, frequency=48000, lengthbytes=2496, lengthpcm=10867, pcmblocksize=0, loopstart=0, loopend=0, mode=0x00000000, channelmask=0x00000000, channelorder=0, peakvolume=0.105988.
[LOG] SystemI::createSound                     : filename = ../DeadBearGamesFmodAudio/Build\Desktop/Master.bank : mode 02010082
[LOG] SystemI::createSound                     : FMOD_NONBLOCKING specified.  Putting into queue to be opened asynchronously!
[LOG] Thread::initThread                       : Init FMOD nonblocking thread (0). Affinity: 0x8000000000000003, Priority: 0xFFFF7FFC, Stack Size: 114688, Semaphore: Yes, Sleep Time: 0, Looping: Yes.
[LOG] SystemI::createSound                     : setdata soundi = 0000025913887748 : node = 00000259155B0AC0
[LOG] SystemI::createSound                     : add node to async list : head = 00000259091B56C8.  list count = 0
[LOG] AsyncThread::threadFunc                  : Starting Asynchronous operation on sound 0000025913887748
[LOG] SystemI::createSoundInternal             :     Create name='../DeadBearGamesFmodAudio/Build\Desktop/Master.bank', mode=0x02010082
[LOG] SystemI::createSoundInternal             :     exinfo->cbsize             = 224
[LOG] SystemI::createSoundInternal             :     exinfo->length             = 2709248
[LOG] SystemI::createSoundInternal             :     exinfo->fileoffset         = 19680
[LOG] SystemI::createSoundInternal             :     exinfo->numsubsounds       = 1
[LOG] SystemI::createSoundInternal             :     exinfo->inclusionlist      = 00000259155B0BD0
[LOG] SystemI::createSoundInternal             :     exinfo->inclusionlistnum   = 1
[LOG] SystemI::createSoundInternal             :     exinfo->suggestedsoundtype = 5
[LOG] SystemI::createSoundInternal             :     exinfo->initialseekpostype = 1
[LOG] SystemI::createSoundInternal             :     Stream 0/1: name='361053__jorge0000__wind-noise', format=5, channels=2, frequency=48000, lengthbytes=108640, lengthpcm=443077, pcmblocksize=0, loopstart=0, loopend=0, mode=0x00000000, channelmask=0x00000000, channelorder=0, peakvolume=0.031494.
[LOG] Thread::initThread                       :     Init FMOD file thread. Affinity: 0x8000000000000003, Priority: 0xFFFF7FFC, Stack Size: 49152, Semaphore: No, Sleep Time: 10, Looping: Yes.
[LOG] AsyncThread::threadFunc                  : Finished Asynchronous operation on sound 0000025913887748
[LOG] SoundI::release                          : 361053__jorge0000__wind-noise (0000025913887748)
[LOG] SoundI::release                          :     361053__jorge0000__wind-noise (0000025896915258)
[LOG] SoundI::release                          :     361053__jorge0000__wind-noise (000002591388DE38)
[LOG] SystemI::createSound                     : filename = ../DeadBearGamesFmodAudio/Build\Desktop/Master.bank : mode 02010082
[LOG] SystemI::createSound                     : FMOD_NONBLOCKING specified.  Putting into queue to be opened asynchronously!
[LOG] SystemI::createSound                     : setdata soundi = 000002591388DE38 : node = 0000025898C765C0
[LOG] SystemI::createSound                     : add node to async list : head = 00000259091B56C8.  list count = 0
[LOG] AsyncThread::threadFunc                  : Starting Asynchronous operation on sound 000002591388DE38
[LOG] SystemI::createSoundInternal             :     Create name='../DeadBearGamesFmodAudio/Build\Desktop/Master.bank', mode=0x02010082
[LOG] SystemI::createSoundInternal             :     exinfo->cbsize             = 224
[LOG] SystemI::createSoundInternal             :     exinfo->length             = 2709248
[LOG] SystemI::createSoundInternal             :     exinfo->fileoffset         = 19680
[LOG] SystemI::createSoundInternal             :     exinfo->numsubsounds       = 1
[LOG] SystemI::createSoundInternal             :     exinfo->inclusionlist      = 0000025898C766D0
[LOG] SystemI::createSoundInternal             :     exinfo->inclusionlistnum   = 1
[LOG] SystemI::createSoundInternal             :     exinfo->suggestedsoundtype = 5
[LOG] SystemI::createSoundInternal             :     exinfo->initialseekpostype = 1
[LOG] SystemI::createSoundInternal             :     Stream 0/1: name='361053__jorge0000__wind-noise', format=5, channels=2, frequency=48000, lengthbytes=108640, lengthpcm=443077, pcmblocksize=0, loopstart=0, loopend=0, mode=0x00000000, channelmask=0x00000000, channelorder=0, peakvolume=0.031494.
[LOG] AsyncThread::threadFunc                  : Finished Asynchronous operation on sound 000002591388DE38
[LOG] SoundI::release                          : 361053__jorge0000__wind-noise (000002591388DE38)
[LOG] SoundI::release                          :     361053__jorge0000__wind-noise (0000025896916918)
[LOG] SoundI::release                          :     361053__jorge0000__wind-noise (00000259138893F8)
[LOG] SystemI::createSoundInternal             : Create name='', mode=0x02000202
[LOG] SystemI::createSoundInternal             : exinfo->cbsize             = 224
[LOG] SystemI::createSoundInternal             : exinfo->length             = 2709248
[LOG] SystemI::createSoundInternal             : exinfo->fileoffset         = 19680
[LOG] SystemI::createSoundInternal             : exinfo->numsubsounds       = 1
[LOG] SystemI::createSoundInternal             : exinfo->inclusionlist      = 000000D8E341F488
[LOG] SystemI::createSoundInternal             : exinfo->inclusionlistnum   = 1
[LOG] SystemI::createSoundInternal             : exinfo->suggestedsoundtype = 5
[LOG] SystemI::createSoundInternal             : exinfo->useropen           = 00007FFA29267D70
[LOG] SystemI::createSoundInternal             : exinfo->userclose          = 00007FFA29267D40
[LOG] SystemI::createSoundInternal             : exinfo->userread           = 00007FFA29267E40
[LOG] SystemI::createSoundInternal             : exinfo->userseek           = 00007FFA29267F00
[LOG] SystemI::createSoundInternal             : exinfo->fileuserdata       = 00000258A5A10418
[LOG] SystemI::createSoundInternal             : exinfo->initialseekpostype = 1
[LOG] SystemI::DSPCodecPoolRegister            : register codec pool for pool type 5
[LOG] SystemI::createSoundInternal             : Sample 0/1: name='52271__dparke4__zombie', format=5, channels=2, frequency=48000, lengthbytes=85056, lengthpcm=404584, pcmblocksize=0, loopstart=0, loopend=0, mode=0x00000000, channelmask=0x00000000, channelorder=0, peakvolume=0.538587.
[LOG] SystemI::createSound                     : filename = ../DeadBearGamesFmodAudio/Build\Desktop/Master.bank : mode 02010082
[LOG] SystemI::createSound                     : FMOD_NONBLOCKING specified.  Putting into queue to be opened asynchronously!
[LOG] SystemI::createSound                     : setdata soundi = 0000025913888828 : node = 000002591BB7D760
[LOG] SystemI::createSound                     : add node to async list : head = 00000259091B56C8.  list count = 0
[LOG] AsyncThread::threadFunc                  : Starting Asynchronous operation on sound 0000025913888828
[LOG] SystemI::createSoundInternal             :     Create name='../DeadBearGamesFmodAudio/Build\Desktop/Master.bank', mode=0x02010082
[LOG] SystemI::createSoundInternal             :     exinfo->cbsize             = 224
[LOG] SystemI::createSoundInternal             :     exinfo->length             = 2709248
[LOG] SystemI::createSoundInternal             :     exinfo->fileoffset         = 19680
[LOG] SystemI::createSoundInternal             :     exinfo->numsubsounds       = 1
[LOG] SystemI::createSoundInternal             :     exinfo->inclusionlist      = 000002591BB7D870
[LOG] SystemI::createSoundInternal             :     exinfo->inclusionlistnum   = 1
[LOG] SystemI::createSoundInternal             :     exinfo->suggestedsoundtype = 5
[LOG] SystemI::createSoundInternal             :     exinfo->initialseekpostype = 1
[LOG] SystemI::createSoundInternal             :     Stream 0/1: name='72473__rockwehrmann__evolver03', format=5, channels=2, frequency=48000, lengthbytes=133984, lengthpcm=650901, pcmblocksize=0, loopstart=0, loopend=0, mode=0x00000000, channelmask=0x00000000, channelorder=0, peakvolume=0.144226.
[LOG] AsyncThread::threadFunc                  : Finished Asynchronous operation on sound 0000025913888828
[LOG] SystemI::createSoundInternal             : Create name='', mode=0x02000202
[LOG] SystemI::createSoundInternal             : exinfo->cbsize             = 224
[LOG] SystemI::createSoundInternal             : exinfo->length             = 2709248
[LOG] SystemI::createSoundInternal             : exinfo->fileoffset         = 19680
[LOG] SystemI::createSoundInternal             : exinfo->numsubsounds       = 1
[LOG] SystemI::createSoundInternal             : exinfo->inclusionlist      = 000000D8E341F488
[LOG] SystemI::createSoundInternal             : exinfo->inclusionlistnum   = 1
[LOG] SystemI::createSoundInternal             : exinfo->suggestedsoundtype = 5
[LOG] SystemI::createSoundInternal             : exinfo->useropen           = 00007FFA29267D70
[LOG] SystemI::createSoundInternal             : exinfo->userclose          = 00007FFA29267D40
[LOG] SystemI::createSoundInternal             : exinfo->userread           = 00007FFA29267E40
[LOG] SystemI::createSoundInternal             : exinfo->userseek           = 00007FFA29267F00
[LOG] SystemI::createSoundInternal             : exinfo->fileuserdata       = 0000025908296948
[LOG] SystemI::createSoundInternal             : exinfo->initialseekpostype = 1
[LOG] SystemI::DSPCodecPoolRegister            : register codec pool for pool type 5
[LOG] SystemI::createSoundInternal             : Sample 0/1: name='386486__iimck__jump', format=5, channels=2, frequency=48000, lengthbytes=5760, lengthpcm=42350, pcmblocksize=0, loopstart=0, loopend=0, mode=0x00000000, channelmask=0x00000000, channelorder=0, peakvolume=0.988500.
[LOG] SoundI::release                          : 72473__rockwehrmann__evolver03 (0000025913888828)
[LOG] SoundI::release                          :     72473__rockwehrmann__evolver03 (0000025896915C18)
[LOG] SoundI::release                          :     72473__rockwehrmann__evolver03 (00000259138946D8)
[LOG] SystemI::createSound                     : filename = ../DeadBearGamesFmodAudio/Build\Desktop/Master.bank : mode 02010082
[LOG] SystemI::createSound                     : FMOD_NONBLOCKING specified.  Putting into queue to be opened asynchronously!
[LOG] SystemI::createSound                     : setdata soundi = 000002591388FFF8 : node = 000002589ACE6550
[LOG] SystemI::createSound                     : add node to async list : head = 00000259091B56C8.  list count = 0
[LOG] AsyncThread::threadFunc                  : Starting Asynchronous operation on sound 000002591388FFF8
[LOG] SystemI::createSoundInternal             :     Create name='../DeadBearGamesFmodAudio/Build\Desktop/Master.bank', mode=0x02010082
[LOG] SystemI::createSoundInternal             :     exinfo->cbsize             = 224
[LOG] SystemI::createSoundInternal             :     exinfo->length             = 2709248
[LOG] SystemI::createSoundInternal             :     exinfo->fileoffset         = 19680
[LOG] SystemI::createSoundInternal             :     exinfo->numsubsounds       = 1
[LOG] SystemI::createSoundInternal             :     exinfo->inclusionlist      = 000002589ACE6660
[LOG] SystemI::createSoundInternal             :     exinfo->inclusionlistnum   = 1
[LOG] SystemI::createSoundInternal             :     exinfo->suggestedsoundtype = 5
[LOG] SystemI::createSoundInternal             :     exinfo->initialseekpostype = 1
[LOG] SystemI::createSoundInternal             :     Stream 0/1: name='361053__jorge0000__wind-noise', format=5, channels=2, frequency=48000, lengthbytes=108640, lengthpcm=443077, pcmblocksize=0, loopstart=0, loopend=0, mode=0x00000000, channelmask=0x00000000, channelorder=0, peakvolume=0.031494.
[LOG] AsyncThread::threadFunc                  : Finished Asynchronous operation on sound 000002591388FFF8
[LOG] SoundI::release                          : 361053__jorge0000__wind-noise (000002591388FFF8)
[LOG] SoundI::release                          :     361053__jorge0000__wind-noise (0000025896915258)
[LOG] SoundI::release                          :     361053__jorge0000__wind-noise (00000259138952A8)
[LOG] SystemI::createSound                     : filename = ../DeadBearGamesFmodAudio/Build\Desktop/Master.bank : mode 02010082
[LOG] SystemI::createSound                     : FMOD_NONBLOCKING specified.  Putting into queue to be opened asynchronously!
[LOG] SystemI::createSound                     : setdata soundi = 000002591388F428 : node = 000002596FA014E0
[LOG] SystemI::createSound                     : add node to async list : head = 00000259091B56C8.  list count = 0
[LOG] AsyncThread::threadFunc                  : Starting Asynchronous operation on sound 000002591388F428
[LOG] SystemI::createSoundInternal             :     Create name='../DeadBearGamesFmodAudio/Build\Desktop/Master.bank', mode=0x02010082
[LOG] SystemI::createSoundInternal             :     exinfo->cbsize             = 224
[LOG] SystemI::createSoundInternal             :     exinfo->length             = 2709248
[LOG] SystemI::createSoundInternal             :     exinfo->fileoffset         = 19680
[LOG] SystemI::createSoundInternal             :     exinfo->numsubsounds       = 1
[LOG] SystemI::createSoundInternal             :     exinfo->inclusionlist      = 000002596FA015F0
[LOG] SystemI::createSoundInternal             :     exinfo->inclusionlistnum   = 1
[LOG] SystemI::createSoundInternal             :     exinfo->suggestedsoundtype = 5
[LOG] SystemI::createSoundInternal             :     exinfo->initialseekpostype = 1
[LOG] SystemI::createSoundInternal             :     Stream 0/1: name='361053__jorge0000__wind-noise', format=5, channels=2, frequency=48000, lengthbytes=108640, lengthpcm=443077, pcmblocksize=0, loopstart=0, loopend=0, mode=0x00000000, channelmask=0x00000000, channelorder=0, peakvolume=0.031494.
[LOG] AsyncThread::threadFunc                  : Finished Asynchronous operation on sound 000002591388F428
[LOG] SystemI::createSoundInternal             : Create name='', mode=0x02000202
[LOG] SystemI::createSoundInternal             : exinfo->cbsize             = 224
[LOG] SystemI::createSoundInternal             : exinfo->length             = 2709248
[LOG] SystemI::createSoundInternal             : exinfo->fileoffset         = 19680
[LOG] SystemI::createSoundInternal             : exinfo->numsubsounds       = 1
[LOG] SystemI::createSoundInternal             : exinfo->inclusionlist      = 000000D8E341F488
[LOG] SystemI::createSoundInternal             : exinfo->inclusionlistnum   = 1
[LOG] SystemI::createSoundInternal             : exinfo->suggestedsoundtype = 5
[LOG] SystemI::createSoundInternal             : exinfo->useropen           = 00007FFA29267D70
[LOG] SystemI::createSoundInternal             : exinfo->userclose          = 00007FFA29267D40
[LOG] SystemI::createSoundInternal             : exinfo->userread           = 00007FFA29267E40
[LOG] SystemI::createSoundInternal             : exinfo->userseek           = 00007FFA29267F00
[LOG] SystemI::createSoundInternal             : exinfo->fileuserdata       = 00000258A5A10C58
[LOG] SystemI::createSoundInternal             : exinfo->initialseekpostype = 1
[LOG] SystemI::DSPCodecPoolRegister            : register codec pool for pool type 5
[LOG] SystemI::createSoundInternal             : Sample 0/1: name='weapons_explosion_small', format=5, channels=2, frequency=48000, lengthbytes=13792, lengthpcm=47597, pcmblocksize=0, loopstart=0, loopend=0, mode=0x00000000, channelmask=0x00000000, channelorder=0, peakvolume=0.802582.
[LOG] SoundI::release                          : 361053__jorge0000__wind-noise (000002591388F428)
[LOG] SoundI::release                          :     361053__jorge0000__wind-noise (0000025896916778)
[LOG] SoundI::release                          :     361053__jorge0000__wind-noise (000002591388FC98)
[LOG] SystemI::createSound                     : filename = ../DeadBearGamesFmodAudio/Build\Desktop/Master.bank : mode 02010082
[LOG] SystemI::createSound                     : FMOD_NONBLOCKING specified.  Putting into queue to be opened asynchronously!
[LOG] SystemI::createSound                     : setdata soundi = 0000025913891798 : node = 000002596FF0B850
[LOG] SystemI::createSound                     : add node to async list : head = 00000259091B56C8.  list count = 0
[LOG] AsyncThread::threadFunc                  : Starting Asynchronous operation on sound 0000025913891798
[LOG] SystemI::createSoundInternal             :     Create name='../DeadBearGamesFmodAudio/Build\Desktop/Master.bank', mode=0x02010082
[LOG] SystemI::createSoundInternal             :     exinfo->cbsize             = 224
[LOG] SystemI::createSoundInternal             :     exinfo->length             = 2709248
[LOG] SystemI::createSoundInternal             :     exinfo->fileoffset         = 19680
[LOG] SystemI::createSoundInternal             :     exinfo->numsubsounds       = 1
[LOG] SystemI::createSoundInternal             :     exinfo->inclusionlist      = 000002596FF0B960
[LOG] SystemI::createSoundInternal             :     exinfo->inclusionlistnum   = 1
[LOG] SystemI::createSoundInternal             :     exinfo->suggestedsoundtype = 5
[LOG] SystemI::createSoundInternal             :     exinfo->initialseekpostype = 1
[LOG] SystemI::createSoundInternal             :     Stream 0/1: name='361053__jorge0000__wind-noise', format=5, channels=2, frequency=48000, lengthbytes=108640, lengthpcm=443077, pcmblocksize=0, loopstart=0, loopend=0, mode=0x00000000, channelmask=0x00000000, channelorder=0, peakvolume=0.031494.
[LOG] AsyncThread::threadFunc                  : Finished Asynchronous operation on sound 0000025913891798
[LOG] SoundI::release                          : 361053__jorge0000__wind-noise (0000025913891798)
[LOG] SoundI::release                          :     361053__jorge0000__wind-noise (0000025896916298)
[LOG] SoundI::release                          :     361053__jorge0000__wind-noise (0000025913892368)
[LOG] SystemI::createSound                     : filename = ../DeadBearGamesFmodAudio/Build\Desktop/Master.bank : mode 02010082
[LOG] SystemI::createSound                     : FMOD_NONBLOCKING specified.  Putting into queue to be opened asynchronously!
[LOG] SystemI::createSound                     : setdata soundi = 00000259138937A8 : node = 000002596F7A86E0
[LOG] SystemI::createSound                     : add node to async list : head = 00000259091B56C8.  list count = 0
[LOG] AsyncThread::threadFunc                  : Starting Asynchronous operation on sound 00000259138937A8
[LOG] SystemI::createSoundInternal             :     Create name='../DeadBearGamesFmodAudio/Build\Desktop/Master.bank', mode=0x02010082
[LOG] SystemI::createSoundInternal             :     exinfo->cbsize             = 224
[LOG] SystemI::createSoundInternal             :     exinfo->length             = 2709248
[LOG] SystemI::createSoundInternal             :     exinfo->fileoffset         = 19680
[LOG] SystemI::createSoundInternal             :     exinfo->numsubsounds       = 1
[LOG] SystemI::createSoundInternal             :     exinfo->inclusionlist      = 000002596F7A87F0
[LOG] SystemI::createSoundInternal             :     exinfo->inclusionlistnum   = 1
[LOG] SystemI::createSoundInternal             :     exinfo->suggestedsoundtype = 5
[LOG] SystemI::createSoundInternal             :     exinfo->initialseekpostype = 1
[LOG] SystemI::createSoundInternal             :     Stream 0/1: name='361053__jorge0000__wind-noise', format=5, channels=2, frequency=48000, lengthbytes=108640, lengthpcm=443077, pcmblocksize=0, loopstart=0, loopend=0, mode=0x00000000, channelmask=0x00000000, channelorder=0, peakvolume=0.031494.
[LOG] AsyncThread::threadFunc                  : Finished Asynchronous operation on sound 00000259138937A8
[LOG] SystemI::createSound                     : filename = ../DeadBearGamesFmodAudio/Build\Desktop/Master.bank : mode 02010082
[LOG] SystemI::createSound                     : FMOD_NONBLOCKING specified.  Putting into queue to be opened asynchronously!
[LOG] SystemI::createSound                     : setdata soundi = 00000259138952A8 : node = 00000259155B0FC0
[LOG] SystemI::createSound                     : add node to async list : head = 00000259091B56C8.  list count = 0
[LOG] AsyncThread::threadFunc                  : Starting Asynchronous operation on sound 00000259138952A8
[LOG] SystemI::createSoundInternal             :     Create name='../DeadBearGamesFmodAudio/Build\Desktop/Master.bank', mode=0x02010082
[LOG] SystemI::createSoundInternal             :     exinfo->cbsize             = 224
[LOG] SystemI::createSoundInternal             :     exinfo->length             = 2709248
[LOG] SystemI::createSoundInternal             :     exinfo->fileoffset         = 19680
[LOG] SystemI::createSoundInternal             :     exinfo->numsubsounds       = 1
[LOG] SystemI::createSoundInternal             :     exinfo->inclusionlist      = 00000259155B10D0
[LOG] SystemI::createSoundInternal             :     exinfo->inclusionlistnum   = 1
[LOG] SystemI::createSoundInternal             :     exinfo->suggestedsoundtype = 5
[LOG] SystemI::createSoundInternal             :     exinfo->initialseekpostype = 1
[LOG] SystemI::createSoundInternal             :     Stream 0/1: name='445333__luzanne0__male-groaning-mumbling', format=5, channels=2, frequency=48000, lengthbytes=95008, lengthpcm=516960, pcmblocksize=0, loopstart=0, loopend=0, mode=0x00000000, channelmask=0x00000000, channelorder=0, peakvolume=0.145416.
[LOG] AsyncThread::threadFunc                  : Finished Asynchronous operation on sound 00000259138952A8
[LOG] SoundI::release                          : 361053__jorge0000__wind-noise (00000259138937A8)
[LOG] SoundI::release                          :     361053__jorge0000__wind-noise (0000025896916298)
[LOG] SoundI::release                          :     361053__jorge0000__wind-noise (0000025913894378)
[LOG] SystemI::createSound                     : filename = ../DeadBearGamesFmodAudio/Build\Desktop/Master.bank : mode 02010082
[LOG] SystemI::createSound                     : FMOD_NONBLOCKING specified.  Putting into queue to be opened asynchronously!
[LOG] SystemI::createSound                     : setdata soundi = 000002591388FE48 : node = 000002591BB7D760
[LOG] SystemI::createSound                     : add node to async list : head = 00000259091B56C8.  list count = 0
[LOG] AsyncThread::threadFunc                  : Starting Asynchronous operation on sound 000002591388FE48
[LOG] SystemI::createSoundInternal             :     Create name='../DeadBearGamesFmodAudio/Build\Desktop/Master.bank', mode=0x02010082
[LOG] SystemI::createSoundInternal             :     exinfo->cbsize             = 224
[LOG] SystemI::createSoundInternal             :     exinfo->length             = 2709248
[LOG] SystemI::createSoundInternal             :     exinfo->fileoffset         = 19680
[LOG] SystemI::createSoundInternal             :     exinfo->numsubsounds       = 1
[LOG] SystemI::createSoundInternal             :     exinfo->inclusionlist      = 000002591BB7D870
[LOG] SystemI::createSoundInternal             :     exinfo->inclusionlistnum   = 1
[LOG] SystemI::createSoundInternal             :     exinfo->suggestedsoundtype = 5
[LOG] SystemI::createSoundInternal             :     exinfo->initialseekpostype = 1
[LOG] SystemI::createSoundInternal             :     Stream 0/1: name='72473__rockwehrmann__evolver03', format=5, channels=2, frequency=48000, lengthbytes=133984, lengthpcm=650901, pcmblocksize=0, loopstart=0, loopend=0, mode=0x00000000, channelmask=0x00000000, channelorder=0, peakvolume=0.144226.
[LOG] AsyncThread::threadFunc                  : Finished Asynchronous operation on sound 000002591388FE48
[LOG] SoundI::release                          : 445333__luzanne0__male-groaning-mumbling (00000259138952A8)
[LOG] SoundI::release                          :     445333__luzanne0__male-groaning-mumbling (0000025896915258)
[LOG] SoundI::release                          :     445333__luzanne0__male-groaning-mumbling (000002591388FC98)
[LOG] SystemI::createSound                     : filename = ../DeadBearGamesFmodAudio/Build\Desktop/Master.bank : mode 02010082
[LOG] SystemI::createSound                     : FMOD_NONBLOCKING specified.  Putting into queue to be opened asynchronously!
[LOG] SystemI::createSound                     : setdata soundi = 0000025913891AF8 : node = 000002596FF0BC10
[LOG] SystemI::createSound                     : add node to async list : head = 00000259091B56C8.  list count = 0
[LOG] AsyncThread::threadFunc                  : Starting Asynchronous operation on sound 0000025913891AF8
[LOG] SystemI::createSoundInternal             :     Create name='../DeadBearGamesFmodAudio/Build\Desktop/Master.bank', mode=0x02010082
[LOG] SystemI::createSoundInternal             :     exinfo->cbsize             = 224
[LOG] SystemI::createSoundInternal             :     exinfo->length             = 2709248
[LOG] SystemI::createSoundInternal             :     exinfo->fileoffset         = 19680
[LOG] SystemI::createSoundInternal             :     exinfo->numsubsounds       = 1
[LOG] SystemI::createSoundInternal             :     exinfo->inclusionlist      = 000002596FF0BD20
[LOG] SystemI::createSoundInternal             :     exinfo->inclusionlistnum   = 1
[LOG] SystemI::createSoundInternal             :     exinfo->suggestedsoundtype = 5
[LOG] SystemI::createSoundInternal             :     exinfo->initialseekpostype = 1
[LOG] SystemI::createSoundInternal             :     Stream 0/1: name='361053__jorge0000__wind-noise', format=5, channels=2, frequency=48000, lengthbytes=108640, lengthpcm=443077, pcmblocksize=0, loopstart=0, loopend=0, mode=0x00000000, channelmask=0x00000000, channelorder=0, peakvolume=0.031494.
[LOG] AsyncThread::threadFunc                  : Finished Asynchronous operation on sound 0000025913891AF8
[LOG] SoundI::release                          : 361053__jorge0000__wind-noise (0000025913891AF8)
[LOG] SoundI::release                          :     361053__jorge0000__wind-noise (0000025947883748)
[LOG] SoundI::release                          :     361053__jorge0000__wind-noise (00000259138906B8)
[LOG] SoundI::release                          : 72473__rockwehrmann__evolver03 (000002591388FE48)
[LOG] SoundI::release                          :     72473__rockwehrmann__evolver03 (00000259478835A8)
[LOG] SoundI::release                          :     72473__rockwehrmann__evolver03 (0000025913894BE8)
[LOG] SystemI::createSound                     : filename = ../DeadBearGamesFmodAudio/Build\Desktop/Master.bank : mode 02010082
[LOG] SystemI::createSound                     : FMOD_NONBLOCKING specified.  Putting into queue to be opened asynchronously!
[LOG] SystemI::createSound                     : setdata soundi = 00000258994DF688 : node = 000002596FF0B5D0
[LOG] SystemI::createSound                     : add node to async list : head = 00000259091B56C8.  list count = 0
[LOG] AsyncThread::threadFunc                  : Starting Asynchronous operation on sound 00000258994DF688
[LOG] SystemI::createSoundInternal             :     Create name='../DeadBearGamesFmodAudio/Build\Desktop/Master.bank', mode=0x02010082
[LOG] SystemI::createSoundInternal             :     exinfo->cbsize             = 224
[LOG] SystemI::createSoundInternal             :     exinfo->length             = 2709248
[LOG] SystemI::createSoundInternal             :     exinfo->fileoffset         = 19680
[LOG] SystemI::createSoundInternal             :     exinfo->numsubsounds       = 1
[LOG] SystemI::createSoundInternal             :     exinfo->inclusionlist      = 000002596FF0B6E0
[LOG] SystemI::createSoundInternal             :     exinfo->inclusionlistnum   = 1
[LOG] SystemI::createSoundInternal             :     exinfo->suggestedsoundtype = 5
[LOG] SystemI::createSoundInternal             :     exinfo->initialseekpostype = 1
[LOG] SystemI::createSoundInternal             :     Stream 0/1: name='361053__jorge0000__wind-noise', format=5, channels=2, frequency=48000, lengthbytes=108640, lengthpcm=443077, pcmblocksize=0, loopstart=0, loopend=0, mode=0x00000000, channelmask=0x00000000, channelorder=0, peakvolume=0.031494.
[LOG] AsyncThread::threadFunc                  : Finished Asynchronous operation on sound 00000258994DF688
[LOG] SoundI::release                          : 361053__jorge0000__wind-noise (00000258994DF688)
[LOG] SoundI::release                          :     361053__jorge0000__wind-noise (0000025947882BE8)
[LOG] SoundI::release                          :     361053__jorge0000__wind-noise (0000025913068CE8)
[LOG] SystemI::createSound                     : filename = ../DeadBearGamesFmodAudio/Build\Desktop/Master.bank : mode 02010082
[LOG] SystemI::createSound                     : FMOD_NONBLOCKING specified.  Putting into queue to be opened asynchronously!
[LOG] SystemI::createSound                     : setdata soundi = 000002591484C728 : node = 00000259149F4AE0
[LOG] SystemI::createSound                     : add node to async list : head = 00000259091B56C8.  list count = 0
[LOG] AsyncThread::threadFunc                  : Starting Asynchronous operation on sound 000002591484C728
[LOG] SystemI::createSoundInternal             :     Create name='../DeadBearGamesFmodAudio/Build\Desktop/Master.bank', mode=0x02010082
[LOG] SystemI::createSoundInternal             :     exinfo->cbsize             = 224
[LOG] SystemI::createSoundInternal             :     exinfo->length             = 2709248
[LOG] SystemI::createSoundInternal             :     exinfo->fileoffset         = 19680
[LOG] SystemI::createSoundInternal             :     exinfo->numsubsounds       = 1
[LOG] SystemI::createSoundInternal             :     exinfo->inclusionlist      = 00000259149F4BF0
[LOG] SystemI::createSoundInternal             :     exinfo->inclusionlistnum   = 1
[LOG] SystemI::createSoundInternal             :     exinfo->suggestedsoundtype = 5
[LOG] SystemI::createSoundInternal             :     exinfo->initialseekpostype = 1
[LOG] SystemI::createSoundInternal             :     Stream 0/1: name='361053__jorge0000__wind-noise', format=5, channels=2, frequency=48000, lengthbytes=108640, lengthpcm=443077, pcmblocksize=0, loopstart=0, loopend=0, mode=0x00000000, channelmask=0x00000000, channelorder=0, peakvolume=0.031494.
[LOG] AsyncThread::threadFunc                  : Finished Asynchronous operation on sound 000002591484C728
[LOG] SoundI::release                          : 361053__jorge0000__wind-noise (000002591484C728)
[LOG] SoundI::release                          :     361053__jorge0000__wind-noise (00000259478830C8)
[LOG] SoundI::release                          :     361053__jorge0000__wind-noise (000002597025A948)
[LOG] SoundI::release                          :  (00000258A4FD1528)
[LOG] SoundI::release                          :     ui_okay (0000025896D22728)
[LOG] SoundI::release                          :  (00000258A4FEB8E8)
[LOG] SoundI::release                          :     weapons_explosion_small (0000025896915C18)
[LOG] SoundI::release                          :  (00000258A4FD4EA8)
[LOG] SoundI::release                          :     52271__dparke4__zombie (0000025896916438)
[LOG] SoundI::release                          :  (00000258A4FD5188)
[LOG] SoundI::release                          :     386486__iimck__jump (00000258969160F8)
[LOG] SoundI::release                          :  (00000258A4FD2F08)
[LOG] SoundI::release                          :     167075__drminky__slime-land (0000025896916AB8)
[LOG] SoundI::release                          :  (00000258A500B178)
[LOG] SoundI::release                          :     footsteps_player_grass_03 (00000258969165D8)
[LOG] Thread::callback                         : FMOD Studio update thread finished.
[LOG] Thread::callback                         : FMOD Studio bank load thread finished.
[LOG] Profile::disconnectAll                   : Profiler disconnecting all clients
[LOG] Thread::callback                         : FMOD Studio sample load thread finished.
[LOG] LiveUpdate::release                      : 
[LOG] LiveUpdate::reset                        : Reset connection (reason Disconnected)
[LOG] Thread::callback                         : FMOD stream thread finished.
[LOG] Thread::callback                         : FMOD mixer thread finished.
[LOG] Profile::disconnectAll                   : Profiler disconnecting all clients
[LOG] SystemI::close                           : Closed.
